mode: set
git.grassecon.net/urdt/ussd/cmd/main.go:22.13,50.16 18 0
git.grassecon.net/urdt/ussd/cmd/main.go:50.16,53.3 2 0
git.grassecon.net/urdt/ussd/cmd/main.go:55.2,56.16 2 0
git.grassecon.net/urdt/ussd/cmd/main.go:56.16,59.3 2 0
git.grassecon.net/urdt/ussd/cmd/main.go:61.2,62.16 2 0
git.grassecon.net/urdt/ussd/cmd/main.go:62.16,65.3 2 0
git.grassecon.net/urdt/ussd/cmd/main.go:67.2,68.16 2 0
git.grassecon.net/urdt/ussd/cmd/main.go:68.16,71.3 2 0
git.grassecon.net/urdt/ussd/cmd/main.go:73.2,74.9 2 0
git.grassecon.net/urdt/ussd/cmd/main.go:74.9,77.3 2 0
git.grassecon.net/urdt/ussd/cmd/main.go:79.2,83.16 4 0
git.grassecon.net/urdt/ussd/cmd/main.go:83.16,86.3 2 0
git.grassecon.net/urdt/ussd/cmd/main.go:88.2,89.16 2 0
git.grassecon.net/urdt/ussd/cmd/main.go:89.16,92.3 2 0
git.grassecon.net/urdt/ussd/cmd/main.go:94.2,96.17 3 0
git.grassecon.net/urdt/ussd/cmd/main.go:96.17,98.3 1 0
git.grassecon.net/urdt/ussd/cmd/main.go:100.2,101.16 2 0
git.grassecon.net/urdt/ussd/cmd/main.go:101.16,104.3 2 0
git.grassecon.net/urdt/ussd/cmd/async/main.go:30.66,32.2 1 0
git.grassecon.net/urdt/ussd/cmd/async/main.go:34.62,36.2 1 0
git.grassecon.net/urdt/ussd/cmd/async/main.go:38.13,66.17 20 0
git.grassecon.net/urdt/ussd/cmd/async/main.go:66.17,68.3 1 0
git.grassecon.net/urdt/ussd/cmd/async/main.go:70.2,72.16 3 0
git.grassecon.net/urdt/ussd/cmd/async/main.go:72.16,75.3 2 0
git.grassecon.net/urdt/ussd/cmd/async/main.go:77.2,78.16 2 0
git.grassecon.net/urdt/ussd/cmd/async/main.go:78.16,81.3 2 0
git.grassecon.net/urdt/ussd/cmd/async/main.go:83.2,84.16 2 0
git.grassecon.net/urdt/ussd/cmd/async/main.go:84.16,87.3 2 0
git.grassecon.net/urdt/ussd/cmd/async/main.go:88.2,91.9 3 0
git.grassecon.net/urdt/ussd/cmd/async/main.go:91.9,93.3 1 0
git.grassecon.net/urdt/ussd/cmd/async/main.go:95.2,99.16 4 0
git.grassecon.net/urdt/ussd/cmd/async/main.go:99.16,102.3 2 0
git.grassecon.net/urdt/ussd/cmd/async/main.go:104.2,105.16 2 0
git.grassecon.net/urdt/ussd/cmd/async/main.go:105.16,108.3 2 0
git.grassecon.net/urdt/ussd/cmd/async/main.go:109.2,126.12 10 0
git.grassecon.net/urdt/ussd/cmd/async/main.go:126.12,127.10 1 0
git.grassecon.net/urdt/ussd/cmd/async/main.go:128.19,128.19 0 0
git.grassecon.net/urdt/ussd/cmd/async/main.go:129.20,129.20 0 0
git.grassecon.net/urdt/ussd/cmd/async/main.go:131.3,131.16 1 0
git.grassecon.net/urdt/ussd/cmd/async/main.go:134.2,134.11 1 0
git.grassecon.net/urdt/ussd/cmd/async/main.go:134.11,136.17 2 0
git.grassecon.net/urdt/ussd/cmd/async/main.go:136.17,140.4 3 0
git.grassecon.net/urdt/ussd/cmd/async/main.go:141.3,142.17 2 0
git.grassecon.net/urdt/ussd/cmd/async/main.go:142.17,146.4 3 0
git.grassecon.net/urdt/ussd/cmd/async/main.go:147.3,148.17 2 0
git.grassecon.net/urdt/ussd/cmd/async/main.go:148.17,152.4 3 0
git.grassecon.net/urdt/ussd/cmd/async/main.go:153.3,155.17 3 0
git.grassecon.net/urdt/ussd/cmd/async/main.go:155.17,159.4 3 0
git.grassecon.net/urdt/ussd/cmd/africastalking/main.go:31.66,33.9 2 0
git.grassecon.net/urdt/ussd/cmd/africastalking/main.go:33.9,35.3 1 0
git.grassecon.net/urdt/ussd/cmd/africastalking/main.go:36.2,36.40 1 0
git.grassecon.net/urdt/ussd/cmd/africastalking/main.go:36.40,38.3 1 0
git.grassecon.net/urdt/ussd/cmd/africastalking/main.go:40.2,41.23 2 0
git.grassecon.net/urdt/ussd/cmd/africastalking/main.go:41.23,43.3 1 0
git.grassecon.net/urdt/ussd/cmd/africastalking/main.go:45.2,45.25 1 0
git.grassecon.net/urdt/ussd/cmd/africastalking/main.go:48.62,50.9 2 0
git.grassecon.net/urdt/ussd/cmd/africastalking/main.go:50.9,52.3 1 0
git.grassecon.net/urdt/ussd/cmd/africastalking/main.go:53.2,53.40 1 0
git.grassecon.net/urdt/ussd/cmd/africastalking/main.go:53.40,55.3 1 0
git.grassecon.net/urdt/ussd/cmd/africastalking/main.go:57.2,60.21 3 0
git.grassecon.net/urdt/ussd/cmd/africastalking/main.go:60.21,62.3 1 0
git.grassecon.net/urdt/ussd/cmd/africastalking/main.go:64.2,64.41 1 0
git.grassecon.net/urdt/ussd/cmd/africastalking/main.go:67.13,93.17 18 0
git.grassecon.net/urdt/ussd/cmd/africastalking/main.go:93.17,95.3 1 0
git.grassecon.net/urdt/ussd/cmd/africastalking/main.go:97.2,99.16 3 0
git.grassecon.net/urdt/ussd/cmd/africastalking/main.go:99.16,102.3 2 0
git.grassecon.net/urdt/ussd/cmd/africastalking/main.go:104.2,105.16 2 0
git.grassecon.net/urdt/ussd/cmd/africastalking/main.go:105.16,108.3 2 0
git.grassecon.net/urdt/ussd/cmd/africastalking/main.go:110.2,111.16 2 0
git.grassecon.net/urdt/ussd/cmd/africastalking/main.go:111.16,114.3 2 0
git.grassecon.net/urdt/ussd/cmd/africastalking/main.go:115.2,118.9 3 0
git.grassecon.net/urdt/ussd/cmd/africastalking/main.go:118.9,120.3 1 0
git.grassecon.net/urdt/ussd/cmd/africastalking/main.go:122.2,125.16 3 0
git.grassecon.net/urdt/ussd/cmd/africastalking/main.go:125.16,128.3 2 0
git.grassecon.net/urdt/ussd/cmd/africastalking/main.go:130.2,131.16 2 0
git.grassecon.net/urdt/ussd/cmd/africastalking/main.go:131.16,134.3 2 0
git.grassecon.net/urdt/ussd/cmd/africastalking/main.go:136.2,137.16 2 0
git.grassecon.net/urdt/ussd/cmd/africastalking/main.go:137.16,140.3 2 0
git.grassecon.net/urdt/ussd/cmd/africastalking/main.go:141.2,156.12 11 0
git.grassecon.net/urdt/ussd/cmd/africastalking/main.go:156.12,157.10 1 0
git.grassecon.net/urdt/ussd/cmd/africastalking/main.go:158.19,158.19 0 0
git.grassecon.net/urdt/ussd/cmd/africastalking/main.go:159.20,159.20 0 0
git.grassecon.net/urdt/ussd/cmd/africastalking/main.go:161.3,161.18 1 0
git.grassecon.net/urdt/ussd/cmd/africastalking/main.go:163.2,164.16 2 0
git.grassecon.net/urdt/ussd/cmd/africastalking/main.go:164.16,166.3 1 0
git.grassecon.net/urdt/ussd/internal/handlers/server/accountservice.go:32.102,34.16 2 0
git.grassecon.net/urdt/ussd/internal/handlers/server/accountservice.go:34.16,36.3 1 0
git.grassecon.net/urdt/ussd/internal/handlers/server/accountservice.go:37.2,40.16 3 0
git.grassecon.net/urdt/ussd/internal/handlers/server/accountservice.go:40.16,42.3 1 0
git.grassecon.net/urdt/ussd/internal/handlers/server/accountservice.go:44.2,46.16 3 0
git.grassecon.net/urdt/ussd/internal/handlers/server/accountservice.go:46.16,48.3 1 0
git.grassecon.net/urdt/ussd/internal/handlers/server/accountservice.go:52.2,52.24 1 0
git.grassecon.net/urdt/ussd/internal/handlers/server/accountservice.go:58.91,61.16 2 0
git.grassecon.net/urdt/ussd/internal/handlers/server/accountservice.go:61.16,63.3 1 0
git.grassecon.net/urdt/ussd/internal/handlers/server/accountservice.go:64.2,67.16 3 0
git.grassecon.net/urdt/ussd/internal/handlers/server/accountservice.go:67.16,69.3 1 0
git.grassecon.net/urdt/ussd/internal/handlers/server/accountservice.go:71.2,73.16 3 0
git.grassecon.net/urdt/ussd/internal/handlers/server/accountservice.go:73.16,75.3 1 0
git.grassecon.net/urdt/ussd/internal/handlers/server/accountservice.go:78.2,78.26 1 0
git.grassecon.net/urdt/ussd/internal/handlers/server/accountservice.go:87.76,89.16 2 0
git.grassecon.net/urdt/ussd/internal/handlers/server/accountservice.go:89.16,91.3 1 0
git.grassecon.net/urdt/ussd/internal/handlers/server/accountservice.go:92.2,95.16 3 0
git.grassecon.net/urdt/ussd/internal/handlers/server/accountservice.go:95.16,97.3 1 0
git.grassecon.net/urdt/ussd/internal/handlers/server/accountservice.go:99.2,101.16 3 0
git.grassecon.net/urdt/ussd/internal/handlers/server/accountservice.go:101.16,103.3 1 0
git.grassecon.net/urdt/ussd/internal/handlers/server/accountservice.go:105.2,105.26 1 0
git.grassecon.net/urdt/ussd/internal/handlers/base.go:21.159,29.2 1 0
git.grassecon.net/urdt/ussd/internal/handlers/base.go:31.40,33.16 2 0
git.grassecon.net/urdt/ussd/internal/handlers/base.go:33.16,35.3 1 0
git.grassecon.net/urdt/ussd/internal/handlers/base.go:38.117,42.2 3 0
git.grassecon.net/urdt/ussd/internal/handlers/base.go:44.81,52.16 6 0
git.grassecon.net/urdt/ussd/internal/handlers/base.go:52.16,55.3 2 0
git.grassecon.net/urdt/ussd/internal/handlers/base.go:57.2,60.9 4 0
git.grassecon.net/urdt/ussd/internal/handlers/base.go:60.9,63.18 3 0
git.grassecon.net/urdt/ussd/internal/handlers/base.go:63.18,65.4 1 0
git.grassecon.net/urdt/ussd/internal/handlers/base.go:66.3,66.28 1 0
git.grassecon.net/urdt/ussd/internal/handlers/base.go:68.2,69.28 2 0
git.grassecon.net/urdt/ussd/internal/handlers/base.go:69.28,71.3 1 0
git.grassecon.net/urdt/ussd/internal/handlers/base.go:72.2,75.16 3 0
git.grassecon.net/urdt/ussd/internal/handlers/base.go:75.16,78.18 3 0
git.grassecon.net/urdt/ussd/internal/handlers/base.go:78.18,80.4 1 0
git.grassecon.net/urdt/ussd/internal/handlers/base.go:81.3,81.18 1 0
git.grassecon.net/urdt/ussd/internal/handlers/base.go:84.2,85.17 2 0
git.grassecon.net/urdt/ussd/internal/handlers/base.go:88.81,92.2 3 0
git.grassecon.net/urdt/ussd/internal/handlers/base.go:94.79,97.2 2 0
git.grassecon.net/urdt/ussd/internal/handlers/base.go:99.55,101.2 1 0
git.grassecon.net/urdt/ussd/internal/handlers/base.go:103.62,105.2 1 0
git.grassecon.net/urdt/ussd/internal/handlers/handlerservice.go:16.64,19.16 3 0
git.grassecon.net/urdt/ussd/internal/handlers/handlerservice.go:19.16,21.3 1 0
git.grassecon.net/urdt/ussd/internal/handlers/handlerservice.go:22.2,22.24 1 0
git.grassecon.net/urdt/ussd/internal/handlers/handlerservice.go:34.156,36.16 2 0
git.grassecon.net/urdt/ussd/internal/handlers/handlerservice.go:36.16,38.3 1 0
git.grassecon.net/urdt/ussd/internal/handlers/handlerservice.go:39.2,44.8 1 0
git.grassecon.net/urdt/ussd/internal/handlers/handlerservice.go:47.68,49.2 1 0
git.grassecon.net/urdt/ussd/internal/handlers/handlerservice.go:51.56,53.2 1 0
git.grassecon.net/urdt/ussd/internal/handlers/handlerservice.go:55.69,57.16 2 0
git.grassecon.net/urdt/ussd/internal/handlers/handlerservice.go:57.16,59.3 1 0
git.grassecon.net/urdt/ussd/internal/handlers/handlerservice.go:60.2,98.26 38 0
git.grassecon.net/urdt/ussd/internal/handlers/handlerservice.go:102.66,106.2 3 0
git.grassecon.net/urdt/ussd/cmd/http/main.go:28.13,54.17 18 0
git.grassecon.net/urdt/ussd/cmd/http/main.go:54.17,56.3 1 0
git.grassecon.net/urdt/ussd/cmd/http/main.go:58.2,60.16 3 0
git.grassecon.net/urdt/ussd/cmd/http/main.go:60.16,63.3 2 0
git.grassecon.net/urdt/ussd/cmd/http/main.go:65.2,66.16 2 0
git.grassecon.net/urdt/ussd/cmd/http/main.go:66.16,69.3 2 0
git.grassecon.net/urdt/ussd/cmd/http/main.go:71.2,72.16 2 0
git.grassecon.net/urdt/ussd/cmd/http/main.go:72.16,75.3 2 0
git.grassecon.net/urdt/ussd/cmd/http/main.go:76.2,79.9 3 0
git.grassecon.net/urdt/ussd/cmd/http/main.go:79.9,81.3 1 0
git.grassecon.net/urdt/ussd/cmd/http/main.go:83.2,86.16 3 0
git.grassecon.net/urdt/ussd/cmd/http/main.go:86.16,89.3 2 0
git.grassecon.net/urdt/ussd/cmd/http/main.go:91.2,92.16 2 0
git.grassecon.net/urdt/ussd/cmd/http/main.go:92.16,95.3 2 0
git.grassecon.net/urdt/ussd/cmd/http/main.go:97.2,98.16 2 0
git.grassecon.net/urdt/ussd/cmd/http/main.go:98.16,101.3 2 0
git.grassecon.net/urdt/ussd/cmd/http/main.go:102.2,117.12 11 0
git.grassecon.net/urdt/ussd/cmd/http/main.go:117.12,118.10 1 0
git.grassecon.net/urdt/ussd/cmd/http/main.go:119.19,119.19 0 0
git.grassecon.net/urdt/ussd/cmd/http/main.go:120.20,120.20 0 0
git.grassecon.net/urdt/ussd/cmd/http/main.go:122.3,122.18 1 0
git.grassecon.net/urdt/ussd/cmd/http/main.go:124.2,125.16 2 0
git.grassecon.net/urdt/ussd/cmd/http/main.go:125.16,127.3 1 0
git.grassecon.net/urdt/ussd/internal/handlers/server/accountservice.go:32.102,34.16 2 0
git.grassecon.net/urdt/ussd/internal/handlers/server/accountservice.go:34.16,36.3 1 0
git.grassecon.net/urdt/ussd/internal/handlers/server/accountservice.go:37.2,40.16 3 0
git.grassecon.net/urdt/ussd/internal/handlers/server/accountservice.go:40.16,42.3 1 0
git.grassecon.net/urdt/ussd/internal/handlers/server/accountservice.go:44.2,46.16 3 0
git.grassecon.net/urdt/ussd/internal/handlers/server/accountservice.go:46.16,48.3 1 0
git.grassecon.net/urdt/ussd/internal/handlers/server/accountservice.go:52.2,52.24 1 0
git.grassecon.net/urdt/ussd/internal/handlers/server/accountservice.go:58.91,61.16 2 0
git.grassecon.net/urdt/ussd/internal/handlers/server/accountservice.go:61.16,63.3 1 0
git.grassecon.net/urdt/ussd/internal/handlers/server/accountservice.go:64.2,67.16 3 0
git.grassecon.net/urdt/ussd/internal/handlers/server/accountservice.go:67.16,69.3 1 0
git.grassecon.net/urdt/ussd/internal/handlers/server/accountservice.go:71.2,73.16 3 0
git.grassecon.net/urdt/ussd/internal/handlers/server/accountservice.go:73.16,75.3 1 0
git.grassecon.net/urdt/ussd/internal/handlers/server/accountservice.go:78.2,78.26 1 0
git.grassecon.net/urdt/ussd/internal/handlers/server/accountservice.go:87.76,89.16 2 0
git.grassecon.net/urdt/ussd/internal/handlers/server/accountservice.go:89.16,91.3 1 0
git.grassecon.net/urdt/ussd/internal/handlers/server/accountservice.go:92.2,95.16 3 0
git.grassecon.net/urdt/ussd/internal/handlers/server/accountservice.go:95.16,97.3 1 0
git.grassecon.net/urdt/ussd/internal/handlers/server/accountservice.go:99.2,101.16 3 0
git.grassecon.net/urdt/ussd/internal/handlers/server/accountservice.go:101.16,103.3 1 0
git.grassecon.net/urdt/ussd/internal/handlers/server/accountservice.go:105.2,105.26 1 0
git.grassecon.net/urdt/ussd/internal/handlers/ussd/menuhandler.go:38.59,41.16 3 1
git.grassecon.net/urdt/ussd/internal/handlers/ussd/menuhandler.go:41.16,43.3 1 0
git.grassecon.net/urdt/ussd/internal/handlers/ussd/menuhandler.go:45.2,47.8 1 1
git.grassecon.net/urdt/ussd/internal/handlers/ussd/menuhandler.go:51.62,53.2 1 1
git.grassecon.net/urdt/ussd/internal/handlers/ussd/menuhandler.go:64.84,65.26 1 0
git.grassecon.net/urdt/ussd/internal/handlers/ussd/menuhandler.go:65.26,67.3 1 0
git.grassecon.net/urdt/ussd/internal/handlers/ussd/menuhandler.go:68.2,76.15 3 0
git.grassecon.net/urdt/ussd/internal/handlers/ussd/menuhandler.go:83.34,86.2 2 1
git.grassecon.net/urdt/ussd/internal/handlers/ussd/menuhandler.go:88.67,89.17 1 1
git.grassecon.net/urdt/ussd/internal/handlers/ussd/menuhandler.go:89.17,90.33 1 1
git.grassecon.net/urdt/ussd/internal/handlers/ussd/menuhandler.go:92.2,93.10 2 1
git.grassecon.net/urdt/ussd/internal/handlers/ussd/menuhandler.go:96.97,99.17 2 0
git.grassecon.net/urdt/ussd/internal/handlers/ussd/menuhandler.go:99.17,102.3 2 0
git.grassecon.net/urdt/ussd/internal/handlers/ussd/menuhandler.go:103.2,105.32 3 0
git.grassecon.net/urdt/ussd/internal/handlers/ussd/menuhandler.go:105.32,108.3 2 0
git.grassecon.net/urdt/ussd/internal/handlers/ussd/menuhandler.go:109.2,113.15 3 0
git.grassecon.net/urdt/ussd/internal/handlers/ussd/menuhandler.go:117.104,123.32 4 1
git.grassecon.net/urdt/ussd/internal/handlers/ussd/menuhandler.go:123.32,125.3 1 0
git.grassecon.net/urdt/ussd/internal/handlers/ussd/menuhandler.go:126.2,130.16 4 1
git.grassecon.net/urdt/ussd/internal/handlers/ussd/menuhandler.go:130.16,132.3 1 0
git.grassecon.net/urdt/ussd/internal/handlers/ussd/menuhandler.go:133.2,135.17 2 1
git.grassecon.net/urdt/ussd/internal/handlers/ussd/menuhandler.go:138.108,146.31 3 1
git.grassecon.net/urdt/ussd/internal/handlers/ussd/menuhandler.go:146.31,149.17 3 1
git.grassecon.net/urdt/ussd/internal/handlers/ussd/menuhandler.go:149.17,151.4 1 0
git.grassecon.net/urdt/ussd/internal/handlers/ussd/menuhandler.go:153.2,155.12 3 1
git.grassecon.net/urdt/ussd/internal/handlers/ussd/menuhandler.go:162.106,166.9 4 1
git.grassecon.net/urdt/ussd/internal/handlers/ussd/menuhandler.go:166.9,168.3 1 0
git.grassecon.net/urdt/ussd/internal/handlers/ussd/menuhandler.go:169.2,171.16 3 1
git.grassecon.net/urdt/ussd/internal/handlers/ussd/menuhandler.go:171.16,172.25 1 1
git.grassecon.net/urdt/ussd/internal/handlers/ussd/menuhandler.go:172.25,175.18 3 1
git.grassecon.net/urdt/ussd/internal/handlers/ussd/menuhandler.go:175.18,177.5 1 0
git.grassecon.net/urdt/ussd/internal/handlers/ussd/menuhandler.go:180.2,180.17 1 1
git.grassecon.net/urdt/ussd/internal/handlers/ussd/menuhandler.go:184.100,189.9 4 1
git.grassecon.net/urdt/ussd/internal/handlers/ussd/menuhandler.go:189.9,191.3 1 0
git.grassecon.net/urdt/ussd/internal/handlers/ussd/menuhandler.go:193.2,197.29 3 1
git.grassecon.net/urdt/ussd/internal/handlers/ussd/menuhandler.go:197.29,200.3 2 1
git.grassecon.net/urdt/ussd/internal/handlers/ussd/menuhandler.go:202.2,205.16 4 1
git.grassecon.net/urdt/ussd/internal/handlers/ussd/menuhandler.go:205.16,207.3 1 0
git.grassecon.net/urdt/ussd/internal/handlers/ussd/menuhandler.go:208.2,208.17 1 1
git.grassecon.net/urdt/ussd/internal/handlers/ussd/menuhandler.go:211.105,214.9 3 1
git.grassecon.net/urdt/ussd/internal/handlers/ussd/menuhandler.go:214.9,216.3 1 0
git.grassecon.net/urdt/ussd/internal/handlers/ussd/menuhandler.go:217.2,220.26 3 1
git.grassecon.net/urdt/ussd/internal/handlers/ussd/menuhandler.go:220.26,222.3 1 1
git.grassecon.net/urdt/ussd/internal/handlers/ussd/menuhandler.go:222.8,224.3 1 1
git.grassecon.net/urdt/ussd/internal/handlers/ussd/menuhandler.go:226.2,226.17 1 1
git.grassecon.net/urdt/ussd/internal/handlers/ussd/menuhandler.go:229.109,234.9 4 1
git.grassecon.net/urdt/ussd/internal/handlers/ussd/menuhandler.go:234.9,236.3 1 0
git.grassecon.net/urdt/ussd/internal/handlers/ussd/menuhandler.go:237.2,242.29 3 1
git.grassecon.net/urdt/ussd/internal/handlers/ussd/menuhandler.go:242.29,245.3 2 0
git.grassecon.net/urdt/ussd/internal/handlers/ussd/menuhandler.go:246.2,248.16 3 1
git.grassecon.net/urdt/ussd/internal/handlers/ussd/menuhandler.go:248.16,250.3 1 0
git.grassecon.net/urdt/ussd/internal/handlers/ussd/menuhandler.go:251.2,251.17 1 1
git.grassecon.net/urdt/ussd/internal/handlers/ussd/menuhandler.go:254.109,257.9 3 1
git.grassecon.net/urdt/ussd/internal/handlers/ussd/menuhandler.go:257.9,259.3 1 0
git.grassecon.net/urdt/ussd/internal/handlers/ussd/menuhandler.go:260.2,264.16 4 1
git.grassecon.net/urdt/ussd/internal/handlers/ussd/menuhandler.go:264.16,266.3 1 0
git.grassecon.net/urdt/ussd/internal/handlers/ussd/menuhandler.go:267.2,267.38 1 1
git.grassecon.net/urdt/ussd/internal/handlers/ussd/menuhandler.go:267.38,269.3 1 1
git.grassecon.net/urdt/ussd/internal/handlers/ussd/menuhandler.go:269.8,271.3 1 0
git.grassecon.net/urdt/ussd/internal/handlers/ussd/menuhandler.go:272.2,273.16 2 1
git.grassecon.net/urdt/ussd/internal/handlers/ussd/menuhandler.go:273.16,275.3 1 0
git.grassecon.net/urdt/ussd/internal/handlers/ussd/menuhandler.go:276.2,276.17 1 1
git.grassecon.net/urdt/ussd/internal/handlers/ussd/menuhandler.go:282.102,290.9 6 1
git.grassecon.net/urdt/ussd/internal/handlers/ussd/menuhandler.go:290.9,292.3 1 0
git.grassecon.net/urdt/ussd/internal/handlers/ussd/menuhandler.go:293.2,295.16 3 1
git.grassecon.net/urdt/ussd/internal/handlers/ussd/menuhandler.go:295.16,297.3 1 0
git.grassecon.net/urdt/ussd/internal/handlers/ussd/menuhandler.go:299.2,299.36 1 1
git.grassecon.net/urdt/ussd/internal/handlers/ussd/menuhandler.go:299.36,303.3 3 1
git.grassecon.net/urdt/ussd/internal/handlers/ussd/menuhandler.go:303.8,305.3 1 1
git.grassecon.net/urdt/ussd/internal/handlers/ussd/menuhandler.go:307.2,307.17 1 1
git.grassecon.net/urdt/ussd/internal/handlers/ussd/menuhandler.go:311.46,313.34 2 1
git.grassecon.net/urdt/ussd/internal/handlers/ussd/menuhandler.go:313.34,316.3 2 0
git.grassecon.net/urdt/ussd/internal/handlers/ussd/menuhandler.go:317.2,317.13 1 1
git.grassecon.net/urdt/ussd/internal/handlers/ussd/menuhandler.go:321.106,325.9 4 1
git.grassecon.net/urdt/ussd/internal/handlers/ussd/menuhandler.go:325.9,327.3 1 0
git.grassecon.net/urdt/ussd/internal/handlers/ussd/menuhandler.go:328.2,328.20 1 1
git.grassecon.net/urdt/ussd/internal/handlers/ussd/menuhandler.go:328.20,332.17 4 1
git.grassecon.net/urdt/ussd/internal/handlers/ussd/menuhandler.go:332.17,334.4 1 0
git.grassecon.net/urdt/ussd/internal/handlers/ussd/menuhandler.go:337.2,337.17 1 1
git.grassecon.net/urdt/ussd/internal/handlers/ussd/menuhandler.go:341.107,345.9 4 1
git.grassecon.net/urdt/ussd/internal/handlers/ussd/menuhandler.go:345.9,347.3 1 0
git.grassecon.net/urdt/ussd/internal/handlers/ussd/menuhandler.go:349.2,349.20 1 1
git.grassecon.net/urdt/ussd/internal/handlers/ussd/menuhandler.go:349.20,353.17 4 1
git.grassecon.net/urdt/ussd/internal/handlers/ussd/menuhandler.go:353.17,355.4 1 0
git.grassecon.net/urdt/ussd/internal/handlers/ussd/menuhandler.go:356.8,358.3 1 0
git.grassecon.net/urdt/ussd/internal/handlers/ussd/menuhandler.go:360.2,360.17 1 1
git.grassecon.net/urdt/ussd/internal/handlers/ussd/menuhandler.go:364.100,368.9 4 1
git.grassecon.net/urdt/ussd/internal/handlers/ussd/menuhandler.go:368.9,370.3 1 0
git.grassecon.net/urdt/ussd/internal/handlers/ussd/menuhandler.go:372.2,372.21 1 1
git.grassecon.net/urdt/ussd/internal/handlers/ussd/menuhandler.go:372.21,376.17 4 1
git.grassecon.net/urdt/ussd/internal/handlers/ussd/menuhandler.go:376.17,378.4 1 0
git.grassecon.net/urdt/ussd/internal/handlers/ussd/menuhandler.go:381.2,381.17 1 1
git.grassecon.net/urdt/ussd/internal/handlers/ussd/menuhandler.go:385.105,389.9 4 1
git.grassecon.net/urdt/ussd/internal/handlers/ussd/menuhandler.go:389.9,391.3 1 0
git.grassecon.net/urdt/ussd/internal/handlers/ussd/menuhandler.go:393.2,393.20 1 1
git.grassecon.net/urdt/ussd/internal/handlers/ussd/menuhandler.go:393.20,397.17 4 1
git.grassecon.net/urdt/ussd/internal/handlers/ussd/menuhandler.go:397.17,399.4 1 0
git.grassecon.net/urdt/ussd/internal/handlers/ussd/menuhandler.go:402.2,402.17 1 1
git.grassecon.net/urdt/ussd/internal/handlers/ussd/menuhandler.go:406.103,411.9 5 1
git.grassecon.net/urdt/ussd/internal/handlers/ussd/menuhandler.go:411.9,413.3 1 0
git.grassecon.net/urdt/ussd/internal/handlers/ussd/menuhandler.go:415.2,418.16 4 1
git.grassecon.net/urdt/ussd/internal/handlers/ussd/menuhandler.go:418.16,420.3 1 0
git.grassecon.net/urdt/ussd/internal/handlers/ussd/menuhandler.go:422.2,422.17 1 1
git.grassecon.net/urdt/ussd/internal/handlers/ussd/menuhandler.go:426.106,430.9 4 1
git.grassecon.net/urdt/ussd/internal/handlers/ussd/menuhandler.go:430.9,432.3 1 0
git.grassecon.net/urdt/ussd/internal/handlers/ussd/menuhandler.go:434.2,434.20 1 1
git.grassecon.net/urdt/ussd/internal/handlers/ussd/menuhandler.go:434.20,438.17 4 1
git.grassecon.net/urdt/ussd/internal/handlers/ussd/menuhandler.go:438.17,440.4 1 0
git.grassecon.net/urdt/ussd/internal/handlers/ussd/menuhandler.go:443.2,443.17 1 1
git.grassecon.net/urdt/ussd/internal/handlers/ussd/menuhandler.go:447.109,454.2 4 1
git.grassecon.net/urdt/ussd/internal/handlers/ussd/menuhandler.go:457.115,464.2 4 1
git.grassecon.net/urdt/ussd/internal/handlers/ussd/menuhandler.go:467.108,471.9 3 1
git.grassecon.net/urdt/ussd/internal/handlers/ussd/menuhandler.go:471.9,473.3 1 0
git.grassecon.net/urdt/ussd/internal/handlers/ussd/menuhandler.go:475.2,480.17 4 1
git.grassecon.net/urdt/ussd/internal/handlers/ussd/menuhandler.go:485.102,490.9 4 1
git.grassecon.net/urdt/ussd/internal/handlers/ussd/menuhandler.go:490.9,492.3 1 0
git.grassecon.net/urdt/ussd/internal/handlers/ussd/menuhandler.go:494.2,500.16 6 1
git.grassecon.net/urdt/ussd/internal/handlers/ussd/menuhandler.go:500.16,502.3 1 0
git.grassecon.net/urdt/ussd/internal/handlers/ussd/menuhandler.go:503.2,503.21 1 1
git.grassecon.net/urdt/ussd/internal/handlers/ussd/menuhandler.go:503.21,504.37 1 1
git.grassecon.net/urdt/ussd/internal/handlers/ussd/menuhandler.go:504.37,505.54 1 1
git.grassecon.net/urdt/ussd/internal/handlers/ussd/menuhandler.go:505.54,508.5 2 1
git.grassecon.net/urdt/ussd/internal/handlers/ussd/menuhandler.go:508.10,511.5 2 0
git.grassecon.net/urdt/ussd/internal/handlers/ussd/menuhandler.go:512.9,516.4 3 1
git.grassecon.net/urdt/ussd/internal/handlers/ussd/menuhandler.go:517.8,519.3 1 1
git.grassecon.net/urdt/ussd/internal/handlers/ussd/menuhandler.go:520.2,520.17 1 1
git.grassecon.net/urdt/ussd/internal/handlers/ussd/menuhandler.go:524.110,529.2 4 1
git.grassecon.net/urdt/ussd/internal/handlers/ussd/menuhandler.go:533.111,541.9 6 1
git.grassecon.net/urdt/ussd/internal/handlers/ussd/menuhandler.go:541.9,543.3 1 0
git.grassecon.net/urdt/ussd/internal/handlers/ussd/menuhandler.go:544.2,546.16 3 1
git.grassecon.net/urdt/ussd/internal/handlers/ussd/menuhandler.go:546.16,548.3 1 0
git.grassecon.net/urdt/ussd/internal/handlers/ussd/menuhandler.go:550.2,551.16 2 1
git.grassecon.net/urdt/ussd/internal/handlers/ussd/menuhandler.go:551.16,554.3 2 0
git.grassecon.net/urdt/ussd/internal/handlers/ussd/menuhandler.go:555.2,555.23 1 1
git.grassecon.net/urdt/ussd/internal/handlers/ussd/menuhandler.go:555.23,558.3 2 1
git.grassecon.net/urdt/ussd/internal/handlers/ussd/menuhandler.go:559.2,563.16 4 1
git.grassecon.net/urdt/ussd/internal/handlers/ussd/menuhandler.go:563.16,565.3 1 0
git.grassecon.net/urdt/ussd/internal/handlers/ussd/menuhandler.go:566.2,566.58 1 1
git.grassecon.net/urdt/ussd/internal/handlers/ussd/menuhandler.go:566.58,569.3 2 1
git.grassecon.net/urdt/ussd/internal/handlers/ussd/menuhandler.go:569.8,572.3 2 1
git.grassecon.net/urdt/ussd/internal/handlers/ussd/menuhandler.go:573.2,573.17 1 1
git.grassecon.net/urdt/ussd/internal/handlers/ussd/menuhandler.go:577.97,589.2 8 1
git.grassecon.net/urdt/ussd/internal/handlers/ussd/menuhandler.go:592.105,604.2 8 0
git.grassecon.net/urdt/ussd/internal/handlers/ussd/menuhandler.go:607.102,615.16 6 1
git.grassecon.net/urdt/ussd/internal/handlers/ussd/menuhandler.go:615.16,619.3 2 1
git.grassecon.net/urdt/ussd/internal/handlers/ussd/menuhandler.go:621.2,621.20 1 1
git.grassecon.net/urdt/ussd/internal/handlers/ussd/menuhandler.go:621.20,623.3 1 1
git.grassecon.net/urdt/ussd/internal/handlers/ussd/menuhandler.go:623.8,625.3 1 1
git.grassecon.net/urdt/ussd/internal/handlers/ussd/menuhandler.go:627.2,627.17 1 1
git.grassecon.net/urdt/ussd/internal/handlers/ussd/menuhandler.go:631.110,638.2 4 1
git.grassecon.net/urdt/ussd/internal/handlers/ussd/menuhandler.go:642.105,649.9 5 1
git.grassecon.net/urdt/ussd/internal/handlers/ussd/menuhandler.go:649.9,651.3 1 0
git.grassecon.net/urdt/ussd/internal/handlers/ussd/menuhandler.go:653.2,655.16 3 1
git.grassecon.net/urdt/ussd/internal/handlers/ussd/menuhandler.go:655.16,657.3 1 0
git.grassecon.net/urdt/ussd/internal/handlers/ussd/menuhandler.go:659.2,660.16 2 1
git.grassecon.net/urdt/ussd/internal/handlers/ussd/menuhandler.go:660.16,662.3 1 0
git.grassecon.net/urdt/ussd/internal/handlers/ussd/menuhandler.go:663.2,663.25 1 1
git.grassecon.net/urdt/ussd/internal/handlers/ussd/menuhandler.go:663.25,666.3 2 1
git.grassecon.net/urdt/ussd/internal/handlers/ussd/menuhandler.go:667.2,671.17 4 1
git.grassecon.net/urdt/ussd/internal/handlers/ussd/menuhandler.go:674.115,679.9 4 1
git.grassecon.net/urdt/ussd/internal/handlers/ussd/menuhandler.go:679.9,681.3 1 0
git.grassecon.net/urdt/ussd/internal/handlers/ussd/menuhandler.go:682.2,687.16 5 1
git.grassecon.net/urdt/ussd/internal/handlers/ussd/menuhandler.go:687.16,689.3 1 0
git.grassecon.net/urdt/ussd/internal/handlers/ussd/menuhandler.go:691.2,692.16 2 1
git.grassecon.net/urdt/ussd/internal/handlers/ussd/menuhandler.go:692.16,694.3 1 0
git.grassecon.net/urdt/ussd/internal/handlers/ussd/menuhandler.go:695.2,695.25 1 1
git.grassecon.net/urdt/ussd/internal/handlers/ussd/menuhandler.go:695.25,698.3 2 1
git.grassecon.net/urdt/ussd/internal/handlers/ussd/menuhandler.go:699.2,702.21 3 1
git.grassecon.net/urdt/ussd/internal/handlers/ussd/menuhandler.go:703.12,704.59 1 0
git.grassecon.net/urdt/ussd/internal/handlers/ussd/menuhandler.go:705.19,706.69 1 0
git.grassecon.net/urdt/ussd/internal/handlers/ussd/menuhandler.go:707.10,708.8 1 1
git.grassecon.net/urdt/ussd/internal/handlers/ussd/menuhandler.go:710.2,710.17 1 1
git.grassecon.net/urdt/ussd/internal/handlers/ussd/menuhandler.go:714.110,719.9 4 1
git.grassecon.net/urdt/ussd/internal/handlers/ussd/menuhandler.go:719.9,721.3 1 0
git.grassecon.net/urdt/ussd/internal/handlers/ussd/menuhandler.go:723.2,727.22 3 1
git.grassecon.net/urdt/ussd/internal/handlers/ussd/menuhandler.go:727.22,729.25 1 1
git.grassecon.net/urdt/ussd/internal/handlers/ussd/menuhandler.go:729.25,734.4 3 1
git.grassecon.net/urdt/ussd/internal/handlers/ussd/menuhandler.go:735.3,737.17 3 1
git.grassecon.net/urdt/ussd/internal/handlers/ussd/menuhandler.go:737.17,739.4 1 0
git.grassecon.net/urdt/ussd/internal/handlers/ussd/menuhandler.go:742.2,742.17 1 1
git.grassecon.net/urdt/ussd/internal/handlers/ussd/menuhandler.go:747.109,752.9 4 1
git.grassecon.net/urdt/ussd/internal/handlers/ussd/menuhandler.go:752.9,754.3 1 0
git.grassecon.net/urdt/ussd/internal/handlers/ussd/menuhandler.go:756.2,760.16 5 1
git.grassecon.net/urdt/ussd/internal/handlers/ussd/menuhandler.go:760.16,762.3 1 0
git.grassecon.net/urdt/ussd/internal/handlers/ussd/menuhandler.go:764.2,765.16 2 1
git.grassecon.net/urdt/ussd/internal/handlers/ussd/menuhandler.go:765.16,767.3 1 0
git.grassecon.net/urdt/ussd/internal/handlers/ussd/menuhandler.go:769.2,771.17 2 1
git.grassecon.net/urdt/ussd/internal/handlers/ussd/menuhandler.go:775.115,780.9 4 1
git.grassecon.net/urdt/ussd/internal/handlers/ussd/menuhandler.go:780.9,782.3 1 0
git.grassecon.net/urdt/ussd/internal/handlers/ussd/menuhandler.go:784.2,787.16 4 1
git.grassecon.net/urdt/ussd/internal/handlers/ussd/menuhandler.go:787.16,789.3 1 0
git.grassecon.net/urdt/ussd/internal/handlers/ussd/menuhandler.go:791.2,793.17 2 1
git.grassecon.net/urdt/ussd/internal/handlers/ussd/menuhandler.go:798.102,803.9 4 1
git.grassecon.net/urdt/ussd/internal/handlers/ussd/menuhandler.go:803.9,805.3 1 0
git.grassecon.net/urdt/ussd/internal/handlers/ussd/menuhandler.go:806.2,810.16 4 1
git.grassecon.net/urdt/ussd/internal/handlers/ussd/menuhandler.go:810.16,812.3 1 0
git.grassecon.net/urdt/ussd/internal/handlers/ussd/menuhandler.go:813.2,817.17 3 1
git.grassecon.net/urdt/ussd/internal/handlers/ussd/menuhandler.go:822.107,827.9 4 1
git.grassecon.net/urdt/ussd/internal/handlers/ussd/menuhandler.go:827.9,829.3 1 0
git.grassecon.net/urdt/ussd/internal/handlers/ussd/menuhandler.go:831.2,841.16 7 1
git.grassecon.net/urdt/ussd/internal/handlers/ussd/menuhandler.go:841.16,843.3 1 0
git.grassecon.net/urdt/ussd/internal/handlers/ussd/menuhandler.go:844.2,848.28 3 1
git.grassecon.net/urdt/ussd/internal/handlers/ussd/menuhandler.go:848.28,850.3 1 0
git.grassecon.net/urdt/ussd/internal/handlers/ussd/menuhandler.go:851.2,852.16 2 1
git.grassecon.net/urdt/ussd/internal/handlers/ussd/menuhandler.go:852.16,854.3 1 0
git.grassecon.net/urdt/ussd/internal/handlers/ussd/menuhandler.go:857.2,859.22 3 1
git.grassecon.net/urdt/ussd/internal/handlers/ussd/menuhandler.go:859.22,863.3 3 1
git.grassecon.net/urdt/ussd/internal/handlers/ussd/menuhandler.go:865.2,866.16 2 1
git.grassecon.net/urdt/ussd/internal/handlers/ussd/menuhandler.go:866.16,870.3 3 0
git.grassecon.net/urdt/ussd/internal/handlers/ussd/menuhandler.go:872.2,872.32 1 1
git.grassecon.net/urdt/ussd/internal/handlers/ussd/menuhandler.go:872.32,876.3 3 1
git.grassecon.net/urdt/ussd/internal/handlers/ussd/menuhandler.go:878.2,880.16 3 1
git.grassecon.net/urdt/ussd/internal/handlers/ussd/menuhandler.go:880.16,882.3 1 0
git.grassecon.net/urdt/ussd/internal/handlers/ussd/menuhandler.go:884.2,884.17 1 1
git.grassecon.net/urdt/ussd/internal/handlers/ussd/menuhandler.go:888.105,892.9 3 1
git.grassecon.net/urdt/ussd/internal/handlers/ussd/menuhandler.go:892.9,894.3 1 0
git.grassecon.net/urdt/ussd/internal/handlers/ussd/menuhandler.go:895.2,900.17 4 1
git.grassecon.net/urdt/ussd/internal/handlers/ussd/menuhandler.go:904.102,908.9 3 1
git.grassecon.net/urdt/ussd/internal/handlers/ussd/menuhandler.go:908.9,910.3 1 0
git.grassecon.net/urdt/ussd/internal/handlers/ussd/menuhandler.go:912.2,917.17 4 1
git.grassecon.net/urdt/ussd/internal/handlers/ussd/menuhandler.go:921.102,925.9 3 1
git.grassecon.net/urdt/ussd/internal/handlers/ussd/menuhandler.go:925.9,927.3 1 0
git.grassecon.net/urdt/ussd/internal/handlers/ussd/menuhandler.go:928.2,933.17 4 1
git.grassecon.net/urdt/ussd/internal/handlers/ussd/menuhandler.go:938.108,942.9 4 0
git.grassecon.net/urdt/ussd/internal/handlers/ussd/menuhandler.go:942.9,944.3 1 0
git.grassecon.net/urdt/ussd/internal/handlers/ussd/menuhandler.go:946.2,954.16 7 0
git.grassecon.net/urdt/ussd/internal/handlers/ussd/menuhandler.go:954.16,956.3 1 0
git.grassecon.net/urdt/ussd/internal/handlers/ussd/menuhandler.go:957.2,958.16 2 0
git.grassecon.net/urdt/ussd/internal/handlers/ussd/menuhandler.go:958.16,960.3 1 0
git.grassecon.net/urdt/ussd/internal/handlers/ussd/menuhandler.go:961.2,963.17 3 0
git.grassecon.net/urdt/ussd/internal/handlers/ussd/menuhandler.go:968.112,972.9 4 1
git.grassecon.net/urdt/ussd/internal/handlers/ussd/menuhandler.go:972.9,974.3 1 0
git.grassecon.net/urdt/ussd/internal/handlers/ussd/menuhandler.go:976.2,991.16 10 1
git.grassecon.net/urdt/ussd/internal/handlers/ussd/menuhandler.go:991.16,993.3 1 0
git.grassecon.net/urdt/ussd/internal/handlers/ussd/menuhandler.go:995.2,996.17 2 1
git.grassecon.net/urdt/ussd/internal/handlers/ussd/menuhandler.go:999.107,1003.9 4 1
git.grassecon.net/urdt/ussd/internal/handlers/ussd/menuhandler.go:1003.9,1005.3 1 0
git.grassecon.net/urdt/ussd/internal/handlers/ussd/menuhandler.go:1006.2,1007.9 2 1
git.grassecon.net/urdt/ussd/internal/handlers/ussd/menuhandler.go:1007.9,1009.3 1 0
git.grassecon.net/urdt/ussd/internal/handlers/ussd/menuhandler.go:1010.2,1011.19 2 1
git.grassecon.net/urdt/ussd/internal/handlers/ussd/menuhandler.go:1011.19,1013.3 1 1
git.grassecon.net/urdt/ussd/internal/handlers/ussd/menuhandler.go:1013.8,1015.3 1 1
git.grassecon.net/urdt/ussd/internal/handlers/ussd/menuhandler.go:1018.2,1018.60 1 1
git.grassecon.net/urdt/ussd/internal/handlers/ussd/menuhandler.go:1018.60,1019.33 1 1
git.grassecon.net/urdt/ussd/internal/handlers/ussd/menuhandler.go:1019.33,1021.4 1 0
git.grassecon.net/urdt/ussd/internal/handlers/ussd/menuhandler.go:1022.3,1022.23 1 1
git.grassecon.net/urdt/ussd/internal/handlers/ussd/menuhandler.go:1024.2,1035.32 9 1
git.grassecon.net/urdt/ussd/internal/handlers/ussd/menuhandler.go:1035.32,1036.32 1 1
git.grassecon.net/urdt/ussd/internal/handlers/ussd/menuhandler.go:1036.32,1038.4 1 0
git.grassecon.net/urdt/ussd/internal/handlers/ussd/menuhandler.go:1038.9,1040.4 1 1
git.grassecon.net/urdt/ussd/internal/handlers/ussd/menuhandler.go:1044.2,1045.25 2 1
git.grassecon.net/urdt/ussd/internal/handlers/ussd/menuhandler.go:1045.25,1046.51 1 1
git.grassecon.net/urdt/ussd/internal/handlers/ussd/menuhandler.go:1046.51,1048.4 1 1
git.grassecon.net/urdt/ussd/internal/handlers/ussd/menuhandler.go:1048.9,1050.4 1 0
git.grassecon.net/urdt/ussd/internal/handlers/ussd/menuhandler.go:1052.2,1052.23 1 1
git.grassecon.net/urdt/ussd/internal/handlers/ussd/menuhandler.go:1053.13,1057.4 1 1
git.grassecon.net/urdt/ussd/internal/handlers/ussd/menuhandler.go:1058.13,1062.4 1 1
git.grassecon.net/urdt/ussd/internal/handlers/ussd/menuhandler.go:1063.10,1067.4 1 1
git.grassecon.net/urdt/ussd/internal/handlers/ussd/menuhandler.go:1070.2,1070.17 1 1
git.grassecon.net/urdt/ussd/internal/mocks/dbmock.go:14.42,16.2 1 0
git.grassecon.net/urdt/ussd/internal/mocks/dbmock.go:18.33,21.2 2 0
git.grassecon.net/urdt/ussd/internal/mocks/dbmock.go:23.30,26.2 2 0
git.grassecon.net/urdt/ussd/internal/mocks/dbmock.go:28.55,30.2 1 0
git.grassecon.net/urdt/ussd/internal/mocks/dbmock.go:32.45,35.2 2 0
git.grassecon.net/urdt/ussd/internal/mocks/dbmock.go:37.75,40.2 2 0
git.grassecon.net/urdt/ussd/internal/mocks/dbmock.go:42.47,44.2 1 0
git.grassecon.net/urdt/ussd/internal/mocks/dbmock.go:46.68,49.2 2 0
git.grassecon.net/urdt/ussd/internal/mocks/dbmock.go:51.71,54.2 2 0
git.grassecon.net/urdt/ussd/internal/mocks/dbmock.go:56.32,59.2 2 0
git.grassecon.net/urdt/ussd/internal/mocks/servicemock.go:13.79,16.2 2 1
git.grassecon.net/urdt/ussd/internal/mocks/servicemock.go:18.94,21.2 2 1
git.grassecon.net/urdt/ussd/internal/mocks/servicemock.go:23.105,26.2 2 1
git.grassecon.net/urdt/ussd/internal/mocks/userdbmock.go:16.113,19.2 2 1
git.grassecon.net/urdt/ussd/internal/mocks/userdbmock.go:21.118,24.2 2 1
git.grassecon.net/urdt/ussd/internal/utils/age.go:7.51,13.29 6 0
git.grassecon.net/urdt/ussd/internal/utils/age.go:13.29,15.3 1 0
git.grassecon.net/urdt/ussd/internal/utils/age.go:16.2,18.30 3 0
git.grassecon.net/urdt/ussd/internal/utils/age.go:18.30,20.3 1 0
git.grassecon.net/urdt/ussd/internal/utils/age.go:21.2,21.12 1 0
git.grassecon.net/urdt/ussd/internal/utils/age.go:32.39,35.2 2 1
git.grassecon.net/urdt/ussd/internal/utils/db.go:28.37,32.2 3 0
git.grassecon.net/urdt/ussd/internal/utils/db.go:34.47,37.2 2 0
git.grassecon.net/urdt/ussd/internal/utils/isocode.go:9.38,11.2 1 1
git.grassecon.net/urdt/ussd/internal/utils/userStore.go:20.107,25.2 4 0
git.grassecon.net/urdt/ussd/internal/utils/userStore.go:27.112,32.2 4 0
git.grassecon.net/urdt/ussd/internal/mocks/dbmock.go:14.42,16.2 1 0
git.grassecon.net/urdt/ussd/internal/mocks/dbmock.go:18.33,21.2 2 0
git.grassecon.net/urdt/ussd/internal/mocks/dbmock.go:23.30,26.2 2 0
git.grassecon.net/urdt/ussd/internal/mocks/dbmock.go:28.55,30.2 1 0
git.grassecon.net/urdt/ussd/internal/mocks/dbmock.go:32.45,35.2 2 0
git.grassecon.net/urdt/ussd/internal/mocks/dbmock.go:37.75,40.2 2 0
git.grassecon.net/urdt/ussd/internal/mocks/dbmock.go:42.47,44.2 1 0
git.grassecon.net/urdt/ussd/internal/mocks/dbmock.go:46.68,49.2 2 0
git.grassecon.net/urdt/ussd/internal/mocks/dbmock.go:51.71,54.2 2 0
git.grassecon.net/urdt/ussd/internal/mocks/dbmock.go:56.32,59.2 2 0
git.grassecon.net/urdt/ussd/internal/mocks/servicemock.go:13.79,16.2 2 0
git.grassecon.net/urdt/ussd/internal/mocks/servicemock.go:18.94,21.2 2 0
git.grassecon.net/urdt/ussd/internal/mocks/servicemock.go:23.105,26.2 2 0
git.grassecon.net/urdt/ussd/internal/mocks/userdbmock.go:16.113,19.2 2 0
git.grassecon.net/urdt/ussd/internal/mocks/userdbmock.go:21.118,24.2 2 0
git.grassecon.net/urdt/ussd/internal/storage/gdbm.go:20.38,21.16 1 0
git.grassecon.net/urdt/ussd/internal/storage/gdbm.go:21.16,23.3 1 0
git.grassecon.net/urdt/ussd/internal/storage/gdbm.go:24.2,24.24 1 0
git.grassecon.net/urdt/ussd/internal/storage/gdbm.go:27.76,30.8 3 0
git.grassecon.net/urdt/ussd/internal/storage/gdbm.go:30.8,33.3 2 0
git.grassecon.net/urdt/ussd/internal/storage/gdbm.go:34.2,36.16 3 0
git.grassecon.net/urdt/ussd/internal/storage/gdbm.go:36.16,38.3 1 0
git.grassecon.net/urdt/ussd/internal/storage/gdbm.go:39.2,42.12 4 0
git.grassecon.net/urdt/ussd/internal/storage/gdbm.go:45.35,46.19 1 0
git.grassecon.net/urdt/ussd/internal/storage/gdbm.go:46.19,48.3 1 0
git.grassecon.net/urdt/ussd/internal/storage/gdbm.go:51.35,52.19 1 0
git.grassecon.net/urdt/ussd/internal/storage/gdbm.go:52.19,54.3 1 0
git.grassecon.net/urdt/ussd/internal/storage/gdbm.go:55.2,56.14 2 0
git.grassecon.net/urdt/ussd/internal/storage/gdbm.go:59.46,62.2 2 0
git.grassecon.net/urdt/ussd/internal/storage/gdbm.go:64.54,67.2 2 0
git.grassecon.net/urdt/ussd/internal/storage/gdbm.go:69.57,72.2 2 0
git.grassecon.net/urdt/ussd/internal/storage/gdbm.go:74.37,79.2 4 0
git.grassecon.net/urdt/ussd/internal/storage/gdbm.go:81.40,86.2 4 0
git.grassecon.net/urdt/ussd/internal/storage/gdbm.go:88.63,93.2 4 0
git.grassecon.net/urdt/ussd/internal/storage/gdbm.go:95.80,100.2 4 0
git.grassecon.net/urdt/ussd/internal/storage/gdbm.go:102.78,107.2 4 0
git.grassecon.net/urdt/ussd/internal/storage/gdbm.go:109.39,115.2 5 0
git.grassecon.net/urdt/ussd/internal/storage/storage.go:27.86,36.2 3 0
git.grassecon.net/urdt/ussd/internal/storage/storage.go:38.73,40.2 1 0
git.grassecon.net/urdt/ussd/internal/storage/storage.go:42.79,44.2 1 0
git.grassecon.net/urdt/ussd/internal/storage/storage.go:46.47,48.2 1 0
git.grassecon.net/urdt/ussd/internal/storage/storageservice.go:35.82,40.2 1 0
git.grassecon.net/urdt/ussd/internal/storage/storageservice.go:42.93,46.16 4 0
git.grassecon.net/urdt/ussd/internal/storage/storageservice.go:46.16,48.3 1 0
git.grassecon.net/urdt/ussd/internal/storage/storageservice.go:49.2,51.16 3 0
git.grassecon.net/urdt/ussd/internal/storage/storageservice.go:54.81,58.16 4 0
git.grassecon.net/urdt/ussd/internal/storage/storageservice.go:58.16,60.3 1 0
git.grassecon.net/urdt/ussd/internal/storage/storageservice.go:61.2,61.30 1 0
git.grassecon.net/urdt/ussd/internal/storage/storageservice.go:64.91,67.16 3 0
git.grassecon.net/urdt/ussd/internal/storage/storageservice.go:67.16,69.3 1 0
git.grassecon.net/urdt/ussd/internal/storage/storageservice.go:70.2,71.17 2 0
git.grassecon.net/urdt/ussd/internal/storage/storageservice.go:74.81,75.26 1 0
git.grassecon.net/urdt/ussd/internal/storage/storageservice.go:75.26,76.44 1 0
git.grassecon.net/urdt/ussd/internal/storage/storageservice.go:78.2,81.16 4 0
git.grassecon.net/urdt/ussd/internal/storage/storageservice.go:81.16,83.3 1 0
git.grassecon.net/urdt/ussd/internal/storage/storageservice.go:84.2,84.27 1 0
git.grassecon.net/urdt/ussd/internal/storage/storageservice.go:87.51,89.16 2 0
git.grassecon.net/urdt/ussd/internal/storage/storageservice.go:89.16,91.3 1 0
git.grassecon.net/urdt/ussd/internal/storage/storageservice.go:92.2,92.12 1 0
git.grassecon.net/urdt/ussd/internal/storage/storageservice.go:95.45,99.47 4 0
git.grassecon.net/urdt/ussd/internal/storage/storageservice.go:99.47,101.3 1 0
git.grassecon.net/urdt/ussd/internal/storage/storageservice.go:102.2,102.12 1 0
git.grassecon.net/urdt/ussd/internal/utils/age.go:7.51,13.29 6 0
git.grassecon.net/urdt/ussd/internal/utils/age.go:13.29,15.3 1 0
git.grassecon.net/urdt/ussd/internal/utils/age.go:16.2,18.30 3 0
git.grassecon.net/urdt/ussd/internal/utils/age.go:18.30,20.3 1 0
git.grassecon.net/urdt/ussd/internal/utils/age.go:21.2,21.12 1 0
git.grassecon.net/urdt/ussd/internal/utils/age.go:32.39,35.2 2 0
git.grassecon.net/urdt/ussd/internal/utils/db.go:28.37,32.2 3 0
git.grassecon.net/urdt/ussd/internal/utils/db.go:34.47,37.2 2 0
git.grassecon.net/urdt/ussd/internal/utils/isocode.go:9.38,11.2 1 0
git.grassecon.net/urdt/ussd/internal/utils/userStore.go:20.107,25.2 4 0
git.grassecon.net/urdt/ussd/internal/utils/userStore.go:27.112,32.2 4 0
git.grassecon.net/urdt/ussd/internal/handlers/base.go:21.159,29.2 1 0
git.grassecon.net/urdt/ussd/internal/handlers/base.go:31.40,33.16 2 0
git.grassecon.net/urdt/ussd/internal/handlers/base.go:33.16,35.3 1 0
git.grassecon.net/urdt/ussd/internal/handlers/base.go:38.117,42.2 3 0
git.grassecon.net/urdt/ussd/internal/handlers/base.go:44.81,52.16 6 0
git.grassecon.net/urdt/ussd/internal/handlers/base.go:52.16,55.3 2 0
git.grassecon.net/urdt/ussd/internal/handlers/base.go:57.2,60.9 4 0
git.grassecon.net/urdt/ussd/internal/handlers/base.go:60.9,63.18 3 0
git.grassecon.net/urdt/ussd/internal/handlers/base.go:63.18,65.4 1 0
git.grassecon.net/urdt/ussd/internal/handlers/base.go:66.3,66.28 1 0
git.grassecon.net/urdt/ussd/internal/handlers/base.go:68.2,69.28 2 0
git.grassecon.net/urdt/ussd/internal/handlers/base.go:69.28,71.3 1 0
git.grassecon.net/urdt/ussd/internal/handlers/base.go:72.2,75.16 3 0
git.grassecon.net/urdt/ussd/internal/handlers/base.go:75.16,78.18 3 0
git.grassecon.net/urdt/ussd/internal/handlers/base.go:78.18,80.4 1 0
git.grassecon.net/urdt/ussd/internal/handlers/base.go:81.3,81.18 1 0
git.grassecon.net/urdt/ussd/internal/handlers/base.go:84.2,85.17 2 0
git.grassecon.net/urdt/ussd/internal/handlers/base.go:88.81,92.2 3 0
git.grassecon.net/urdt/ussd/internal/handlers/base.go:94.79,97.2 2 0
git.grassecon.net/urdt/ussd/internal/handlers/base.go:99.55,101.2 1 0
git.grassecon.net/urdt/ussd/internal/handlers/base.go:103.62,105.2 1 0
git.grassecon.net/urdt/ussd/internal/handlers/handlerservice.go:16.64,19.16 3 0
git.grassecon.net/urdt/ussd/internal/handlers/handlerservice.go:19.16,21.3 1 0
git.grassecon.net/urdt/ussd/internal/handlers/handlerservice.go:22.2,22.24 1 0
git.grassecon.net/urdt/ussd/internal/handlers/handlerservice.go:34.156,36.16 2 0
git.grassecon.net/urdt/ussd/internal/handlers/handlerservice.go:36.16,38.3 1 0
git.grassecon.net/urdt/ussd/internal/handlers/handlerservice.go:39.2,44.8 1 0
git.grassecon.net/urdt/ussd/internal/handlers/handlerservice.go:47.68,49.2 1 0
git.grassecon.net/urdt/ussd/internal/handlers/handlerservice.go:51.56,53.2 1 0
git.grassecon.net/urdt/ussd/internal/handlers/handlerservice.go:55.69,57.16 2 0
git.grassecon.net/urdt/ussd/internal/handlers/handlerservice.go:57.16,59.3 1 0
git.grassecon.net/urdt/ussd/internal/handlers/handlerservice.go:60.2,98.26 38 0
git.grassecon.net/urdt/ussd/internal/handlers/handlerservice.go:102.66,106.2 3 0
git.grassecon.net/urdt/ussd/internal/handlers/server/accountservice.go:32.102,34.16 2 0
git.grassecon.net/urdt/ussd/internal/handlers/server/accountservice.go:34.16,36.3 1 0
git.grassecon.net/urdt/ussd/internal/handlers/server/accountservice.go:37.2,40.16 3 0
git.grassecon.net/urdt/ussd/internal/handlers/server/accountservice.go:40.16,42.3 1 0
git.grassecon.net/urdt/ussd/internal/handlers/server/accountservice.go:44.2,46.16 3 0
git.grassecon.net/urdt/ussd/internal/handlers/server/accountservice.go:46.16,48.3 1 0
git.grassecon.net/urdt/ussd/internal/handlers/server/accountservice.go:52.2,52.24 1 0
git.grassecon.net/urdt/ussd/internal/handlers/server/accountservice.go:58.91,61.16 2 0
git.grassecon.net/urdt/ussd/internal/handlers/server/accountservice.go:61.16,63.3 1 0
git.grassecon.net/urdt/ussd/internal/handlers/server/accountservice.go:64.2,67.16 3 0
git.grassecon.net/urdt/ussd/internal/handlers/server/accountservice.go:67.16,69.3 1 0
git.grassecon.net/urdt/ussd/internal/handlers/server/accountservice.go:71.2,73.16 3 0
git.grassecon.net/urdt/ussd/internal/handlers/server/accountservice.go:73.16,75.3 1 0
git.grassecon.net/urdt/ussd/internal/handlers/server/accountservice.go:78.2,78.26 1 0
git.grassecon.net/urdt/ussd/internal/handlers/server/accountservice.go:87.76,89.16 2 0
git.grassecon.net/urdt/ussd/internal/handlers/server/accountservice.go:89.16,91.3 1 0
git.grassecon.net/urdt/ussd/internal/handlers/server/accountservice.go:92.2,95.16 3 0
git.grassecon.net/urdt/ussd/internal/handlers/server/accountservice.go:95.16,97.3 1 0
git.grassecon.net/urdt/ussd/internal/handlers/server/accountservice.go:99.2,101.16 3 0
git.grassecon.net/urdt/ussd/internal/handlers/server/accountservice.go:101.16,103.3 1 0
git.grassecon.net/urdt/ussd/internal/handlers/server/accountservice.go:105.2,105.26 1 0
git.grassecon.net/urdt/ussd/internal/http/at_session_handler.go:14.71,18.2 1 1
git.grassecon.net/urdt/ussd/internal/http/at_session_handler.go:20.82,32.16 7 1
git.grassecon.net/urdt/ussd/internal/http/at_session_handler.go:32.16,36.3 3 1
git.grassecon.net/urdt/ussd/internal/http/at_session_handler.go:37.2,39.16 3 1
git.grassecon.net/urdt/ussd/internal/http/at_session_handler.go:39.16,43.3 3 1
git.grassecon.net/urdt/ussd/internal/http/at_session_handler.go:45.2,46.13 2 1
git.grassecon.net/urdt/ussd/internal/http/at_session_handler.go:47.11,48.13 1 1
git.grassecon.net/urdt/ussd/internal/http/at_session_handler.go:49.99,50.13 1 1
git.grassecon.net/urdt/ussd/internal/http/at_session_handler.go:51.10,52.13 1 0
git.grassecon.net/urdt/ussd/internal/http/at_session_handler.go:55.2,55.17 1 1
git.grassecon.net/urdt/ussd/internal/http/at_session_handler.go:55.17,58.3 2 1
git.grassecon.net/urdt/ussd/internal/http/at_session_handler.go:60.2,63.16 4 1
git.grassecon.net/urdt/ussd/internal/http/at_session_handler.go:63.16,66.3 2 0
git.grassecon.net/urdt/ussd/internal/http/at_session_handler.go:68.2,69.16 2 1
git.grassecon.net/urdt/ussd/internal/http/at_session_handler.go:69.16,72.3 2 0
git.grassecon.net/urdt/ussd/internal/http/at_session_handler.go:75.99,79.18 3 1
git.grassecon.net/urdt/ussd/internal/http/at_session_handler.go:79.18,81.3 1 1
git.grassecon.net/urdt/ussd/internal/http/at_session_handler.go:81.8,83.3 1 1
git.grassecon.net/urdt/ussd/internal/http/at_session_handler.go:85.2,86.16 2 1
git.grassecon.net/urdt/ussd/internal/http/at_session_handler.go:86.16,88.3 1 0
git.grassecon.net/urdt/ussd/internal/http/at_session_handler.go:90.2,91.17 2 1
git.grassecon.net/urdt/ussd/internal/http/server.go:21.69,23.9 2 1
git.grassecon.net/urdt/ussd/internal/http/server.go:23.9,25.3 1 1
git.grassecon.net/urdt/ussd/internal/http/server.go:26.2,27.13 2 1
git.grassecon.net/urdt/ussd/internal/http/server.go:27.13,29.3 1 1
git.grassecon.net/urdt/ussd/internal/http/server.go:30.2,30.15 1 1
git.grassecon.net/urdt/ussd/internal/http/server.go:33.65,35.9 2 1
git.grassecon.net/urdt/ussd/internal/http/server.go:35.9,37.3 1 1
git.grassecon.net/urdt/ussd/internal/http/server.go:38.2,40.16 3 1
git.grassecon.net/urdt/ussd/internal/http/server.go:40.16,42.3 1 1
git.grassecon.net/urdt/ussd/internal/http/server.go:43.2,43.15 1 1
git.grassecon.net/urdt/ussd/internal/http/server.go:50.66,54.2 1 1
git.grassecon.net/urdt/ussd/internal/http/server.go:56.80,61.16 5 1
git.grassecon.net/urdt/ussd/internal/http/server.go:61.16,64.3 2 0
git.grassecon.net/urdt/ussd/internal/http/server.go:65.2,65.8 1 1
git.grassecon.net/urdt/ussd/internal/http/server.go:68.77,81.16 8 1
git.grassecon.net/urdt/ussd/internal/http/server.go:81.16,84.3 2 1
git.grassecon.net/urdt/ussd/internal/http/server.go:85.2,87.16 3 1
git.grassecon.net/urdt/ussd/internal/http/server.go:87.16,91.3 3 0
git.grassecon.net/urdt/ussd/internal/http/server.go:93.2,94.13 2 1
git.grassecon.net/urdt/ussd/internal/http/server.go:95.27,96.13 1 1
git.grassecon.net/urdt/ussd/internal/http/server.go:97.30,98.13 1 0
git.grassecon.net/urdt/ussd/internal/http/server.go:99.30,100.13 1 0
git.grassecon.net/urdt/ussd/internal/http/server.go:101.10,102.13 1 1
git.grassecon.net/urdt/ussd/internal/http/server.go:105.2,105.17 1 1
git.grassecon.net/urdt/ussd/internal/http/server.go:105.17,108.3 2 1
git.grassecon.net/urdt/ussd/internal/http/server.go:110.2,114.16 5 1
git.grassecon.net/urdt/ussd/internal/http/server.go:114.16,117.3 2 1
git.grassecon.net/urdt/ussd/internal/http/server.go:118.2,118.17 1 1
git.grassecon.net/urdt/ussd/internal/http/server.go:118.17,121.3 2 1
git.grassecon.net/urdt/ussd/internal/mocks/httpmocks/enginemock.go:16.62,18.2 1 0
git.grassecon.net/urdt/ussd/internal/mocks/httpmocks/enginemock.go:20.76,22.2 1 0
git.grassecon.net/urdt/ussd/internal/mocks/httpmocks/enginemock.go:24.75,26.2 1 1
git.grassecon.net/urdt/ussd/internal/mocks/httpmocks/enginemock.go:28.37,30.2 1 0
git.grassecon.net/urdt/ussd/internal/mocks/httpmocks/requesthandlermock.go:21.100,23.2 1 1
git.grassecon.net/urdt/ussd/internal/mocks/httpmocks/requesthandlermock.go:25.56,27.2 1 1
git.grassecon.net/urdt/ussd/internal/mocks/httpmocks/requesthandlermock.go:29.118,31.2 1 0
git.grassecon.net/urdt/ussd/internal/mocks/httpmocks/requesthandlermock.go:33.98,35.2 1 1
git.grassecon.net/urdt/ussd/internal/mocks/httpmocks/requesthandlermock.go:37.97,39.2 1 1
git.grassecon.net/urdt/ussd/internal/mocks/httpmocks/requesthandlermock.go:41.41,43.2 1 0
git.grassecon.net/urdt/ussd/internal/mocks/httpmocks/requesthandlermock.go:45.72,47.2 1 1
git.grassecon.net/urdt/ussd/internal/mocks/httpmocks/requestparsermock.go:9.66,11.2 1 1
git.grassecon.net/urdt/ussd/internal/mocks/httpmocks/requestparsermock.go:13.62,15.2 1 1
git.grassecon.net/urdt/ussd/internal/mocks/httpmocks/writermock.go:11.57,13.2 1 1
git.grassecon.net/urdt/ussd/internal/mocks/httpmocks/writermock.go:15.63,19.2 3 1
git.grassecon.net/urdt/ussd/internal/mocks/httpmocks/writermock.go:21.43,23.2 1 1
git.grassecon.net/urdt/ussd/internal/mocks/httpmocks/writermock.go:25.51,25.52 0 1
git.grassecon.net/urdt/ussd/internal/storage/gdbm.go:20.38,21.16 1 0
git.grassecon.net/urdt/ussd/internal/storage/gdbm.go:21.16,23.3 1 0
git.grassecon.net/urdt/ussd/internal/storage/gdbm.go:24.2,24.24 1 0
git.grassecon.net/urdt/ussd/internal/storage/gdbm.go:27.76,30.8 3 0
git.grassecon.net/urdt/ussd/internal/storage/gdbm.go:30.8,33.3 2 0
git.grassecon.net/urdt/ussd/internal/storage/gdbm.go:34.2,36.16 3 0
git.grassecon.net/urdt/ussd/internal/storage/gdbm.go:36.16,38.3 1 0
git.grassecon.net/urdt/ussd/internal/storage/gdbm.go:39.2,42.12 4 0
git.grassecon.net/urdt/ussd/internal/storage/gdbm.go:45.35,46.19 1 0
git.grassecon.net/urdt/ussd/internal/storage/gdbm.go:46.19,48.3 1 0
git.grassecon.net/urdt/ussd/internal/storage/gdbm.go:51.35,52.19 1 0
git.grassecon.net/urdt/ussd/internal/storage/gdbm.go:52.19,54.3 1 0
git.grassecon.net/urdt/ussd/internal/storage/gdbm.go:55.2,56.14 2 0
git.grassecon.net/urdt/ussd/internal/storage/gdbm.go:59.46,62.2 2 0
git.grassecon.net/urdt/ussd/internal/storage/gdbm.go:64.54,67.2 2 0
git.grassecon.net/urdt/ussd/internal/storage/gdbm.go:69.57,72.2 2 0
git.grassecon.net/urdt/ussd/internal/storage/gdbm.go:74.37,79.2 4 0
git.grassecon.net/urdt/ussd/internal/storage/gdbm.go:81.40,86.2 4 0
git.grassecon.net/urdt/ussd/internal/storage/gdbm.go:88.63,93.2 4 0
git.grassecon.net/urdt/ussd/internal/storage/gdbm.go:95.80,100.2 4 0
git.grassecon.net/urdt/ussd/internal/storage/gdbm.go:102.78,107.2 4 0
git.grassecon.net/urdt/ussd/internal/storage/gdbm.go:109.39,115.2 5 0
git.grassecon.net/urdt/ussd/internal/storage/storage.go:27.86,36.2 3 0
git.grassecon.net/urdt/ussd/internal/storage/storage.go:38.73,40.2 1 0
git.grassecon.net/urdt/ussd/internal/storage/storage.go:42.79,44.2 1 0
git.grassecon.net/urdt/ussd/internal/storage/storage.go:46.47,48.2 1 0
git.grassecon.net/urdt/ussd/internal/storage/storageservice.go:35.82,40.2 1 0
git.grassecon.net/urdt/ussd/internal/storage/storageservice.go:42.93,46.16 4 0
git.grassecon.net/urdt/ussd/internal/storage/storageservice.go:46.16,48.3 1 0
git.grassecon.net/urdt/ussd/internal/storage/storageservice.go:49.2,51.16 3 0
git.grassecon.net/urdt/ussd/internal/storage/storageservice.go:54.81,58.16 4 0
git.grassecon.net/urdt/ussd/internal/storage/storageservice.go:58.16,60.3 1 0
git.grassecon.net/urdt/ussd/internal/storage/storageservice.go:61.2,61.30 1 0
git.grassecon.net/urdt/ussd/internal/storage/storageservice.go:64.91,67.16 3 0
git.grassecon.net/urdt/ussd/internal/storage/storageservice.go:67.16,69.3 1 0
git.grassecon.net/urdt/ussd/internal/storage/storageservice.go:70.2,71.17 2 0
git.grassecon.net/urdt/ussd/internal/storage/storageservice.go:74.81,75.26 1 0
git.grassecon.net/urdt/ussd/internal/storage/storageservice.go:75.26,76.44 1 0
git.grassecon.net/urdt/ussd/internal/storage/storageservice.go:78.2,81.16 4 0
git.grassecon.net/urdt/ussd/internal/storage/storageservice.go:81.16,83.3 1 0
git.grassecon.net/urdt/ussd/internal/storage/storageservice.go:84.2,84.27 1 0
git.grassecon.net/urdt/ussd/internal/storage/storageservice.go:87.51,89.16 2 0
git.grassecon.net/urdt/ussd/internal/storage/storageservice.go:89.16,91.3 1 0
git.grassecon.net/urdt/ussd/internal/storage/storageservice.go:92.2,92.12 1 0
git.grassecon.net/urdt/ussd/internal/storage/storageservice.go:95.45,99.47 4 0
git.grassecon.net/urdt/ussd/internal/storage/storageservice.go:99.47,101.3 1 0
git.grassecon.net/urdt/ussd/internal/storage/storageservice.go:102.2,102.12 1 0
git.grassecon.net/urdt/ussd/internal/utils/age.go:7.51,13.29 6 0
git.grassecon.net/urdt/ussd/internal/utils/age.go:13.29,15.3 1 0
git.grassecon.net/urdt/ussd/internal/utils/age.go:16.2,18.30 3 0
git.grassecon.net/urdt/ussd/internal/utils/age.go:18.30,20.3 1 0
git.grassecon.net/urdt/ussd/internal/utils/age.go:21.2,21.12 1 0
git.grassecon.net/urdt/ussd/internal/utils/age.go:32.39,35.2 2 0
git.grassecon.net/urdt/ussd/internal/utils/db.go:28.37,32.2 3 0
git.grassecon.net/urdt/ussd/internal/utils/db.go:34.47,37.2 2 0
git.grassecon.net/urdt/ussd/internal/utils/isocode.go:9.38,11.2 1 0
git.grassecon.net/urdt/ussd/internal/utils/userStore.go:20.107,25.2 4 0
git.grassecon.net/urdt/ussd/internal/utils/userStore.go:27.112,32.2 4 0
git.grassecon.net/urdt/ussd/internal/mocks/httpmocks/enginemock.go:16.62,18.2 1 0
git.grassecon.net/urdt/ussd/internal/mocks/httpmocks/enginemock.go:20.76,22.2 1 0
git.grassecon.net/urdt/ussd/internal/mocks/httpmocks/enginemock.go:24.75,26.2 1 0
git.grassecon.net/urdt/ussd/internal/mocks/httpmocks/enginemock.go:28.37,30.2 1 0
git.grassecon.net/urdt/ussd/internal/mocks/httpmocks/requesthandlermock.go:21.100,23.2 1 0
git.grassecon.net/urdt/ussd/internal/mocks/httpmocks/requesthandlermock.go:25.56,27.2 1 0
git.grassecon.net/urdt/ussd/internal/mocks/httpmocks/requesthandlermock.go:29.118,31.2 1 0
git.grassecon.net/urdt/ussd/internal/mocks/httpmocks/requesthandlermock.go:33.98,35.2 1 0
git.grassecon.net/urdt/ussd/internal/mocks/httpmocks/requesthandlermock.go:37.97,39.2 1 0
git.grassecon.net/urdt/ussd/internal/mocks/httpmocks/requesthandlermock.go:41.41,43.2 1 0
git.grassecon.net/urdt/ussd/internal/mocks/httpmocks/requesthandlermock.go:45.72,47.2 1 0
git.grassecon.net/urdt/ussd/internal/mocks/httpmocks/requestparsermock.go:9.66,11.2 1 0
git.grassecon.net/urdt/ussd/internal/mocks/httpmocks/requestparsermock.go:13.62,15.2 1 0
git.grassecon.net/urdt/ussd/internal/mocks/httpmocks/writermock.go:11.57,13.2 1 0
git.grassecon.net/urdt/ussd/internal/mocks/httpmocks/writermock.go:15.63,19.2 3 0
git.grassecon.net/urdt/ussd/internal/mocks/httpmocks/writermock.go:21.43,23.2 1 0
git.grassecon.net/urdt/ussd/internal/mocks/httpmocks/writermock.go:25.51,25.52 0 0
